c:\users\paran\documents\visual studio 2017\projects\delaunay_utils\delaunay_utils\x64\debug\vc141.pdb
c:\users\paran\documents\visual studio 2017\projects\delaunay_utils\delaunay_utils\x64\debug\vc141.idb
c:\users\paran\documents\visual studio 2017\projects\delaunay_utils\delaunay_utils\x64\debug\common.obj
c:\users\paran\documents\visual studio 2017\projects\delaunay_utils\delaunay_utils\x64\debug\edge.obj
c:\users\paran\documents\visual studio 2017\projects\delaunay_utils\delaunay_utils\x64\debug\main.obj
c:\users\paran\documents\visual studio 2017\projects\delaunay_utils\delaunay_utils\x64\debug\triangle.obj
c:\users\paran\documents\visual studio 2017\projects\delaunay_utils\delaunay_utils\x64\debug\utils.obj
c:\users\paran\documents\visual studio 2017\projects\delaunay_utils\delaunay_utils\x64\debug\vector.obj
c:\users\paran\documents\visual studio 2017\projects\delaunay_utils\delaunay_utils\x64\debug\vertex.obj
c:\users\paran\documents\visual studio 2017\projects\delaunay_utils\delaunay_utils\x64\debug\delaunay_utils.obj
c:\users\paran\documents\visual studio 2017\projects\delaunay_utils\x64\debug\delaunay_utils.lib
c:\users\paran\documents\visual studio 2017\projects\delaunay_utils\x64\debug\delaunay_utils.exp
c:\users\paran\documents\visual studio 2017\projects\delaunay_utils\x64\debug\delaunay_utils.ilk
c:\users\paran\documents\visual studio 2017\projects\delaunay_utils\x64\debug\delaunay_utils.dll
c:\users\paran\documents\visual studio 2017\projects\delaunay_utils\x64\debug\delaunay_utils.pdb
c:\users\paran\documents\visual studio 2017\projects\delaunay_utils\delaunay_utils\x64\debug\delaunay_utils.tlog\cl.command.1.tlog
c:\users\paran\documents\visual studio 2017\projects\delaunay_utils\delaunay_utils\x64\debug\delaunay_utils.tlog\cl.read.1.tlog
c:\users\paran\documents\visual studio 2017\projects\delaunay_utils\delaunay_utils\x64\debug\delaunay_utils.tlog\cl.write.1.tlog
c:\users\paran\documents\visual studio 2017\projects\delaunay_utils\delaunay_utils\x64\debug\delaunay_utils.tlog\delaunay_utils.write.1u.tlog
c:\users\paran\documents\visual studio 2017\projects\delaunay_utils\delaunay_utils\x64\debug\delaunay_utils.tlog\link.command.1.tlog
c:\users\paran\documents\visual studio 2017\projects\delaunay_utils\delaunay_utils\x64\debug\delaunay_utils.tlog\link.read.1.tlog
c:\users\paran\documents\visual studio 2017\projects\delaunay_utils\delaunay_utils\x64\debug\delaunay_utils.tlog\link.write.1.tlog
